#! /c/Source/iverilog-install/bin/vvp
:ivl_version "12.0 (devel)" "(s20150603-1539-g2693dd32b)";
:ivl_delay_selection "TYPICAL";
:vpi_time_precision - 9;
:vpi_module "C:\iverilog\lib\ivl\system.vpi";
:vpi_module "C:\iverilog\lib\ivl\vhdl_sys.vpi";
:vpi_module "C:\iverilog\lib\ivl\vhdl_textio.vpi";
:vpi_module "C:\iverilog\lib\ivl\v2005_math.vpi";
:vpi_module "C:\iverilog\lib\ivl\va_math.vpi";
S_000001c1fa4d98f0 .scope module, "Testbench" "Testbench" 2 5;
 .timescale -9 -9;
v000001c1fa4dbd40_0 .var "A", 3 0;
v000001c1fa4dbde0_0 .var "B", 3 0;
v000001c1fa4dbe80_0 .net "Equal", 0 0, v000001c1fa562f50_0;  1 drivers
S_000001c1fa595c10 .scope module, "comparator" "EqualityComparator4Bit" 2 11, 3 1 0, S_000001c1fa4d98f0;
 .timescale -9 -9;
    .port_info 0 /INPUT 4 "A";
    .port_info 1 /INPUT 4 "B";
    .port_info 2 /OUTPUT 1 "Equal";
v000001c1fa4d9a80_0 .net "A", 3 0, v000001c1fa4dbd40_0;  1 drivers
v000001c1fa562b60_0 .net "B", 3 0, v000001c1fa4dbde0_0;  1 drivers
v000001c1fa562f50_0 .var "Equal", 0 0;
E_000001c1fa4dc520 .event anyedge, v000001c1fa4d9a80_0, v000001c1fa562b60_0;
    .scope S_000001c1fa595c10;
T_0 ;
    %wait E_000001c1fa4dc520;
    %load/vec4 v000001c1fa4d9a80_0;
    %load/vec4 v000001c1fa562b60_0;
    %cmp/e;
    %jmp/0xz  T_0.0, 4;
    %pushi/vec4 1, 0, 1;
    %store/vec4 v000001c1fa562f50_0, 0, 1;
    %jmp T_0.1;
T_0.0 ;
    %pushi/vec4 0, 0, 1;
    %store/vec4 v000001c1fa562f50_0, 0, 1;
T_0.1 ;
    %jmp T_0;
    .thread T_0, $push;
    .scope S_000001c1fa4d98f0;
T_1 ;
    %pushi/vec4 10, 0, 4;
    %store/vec4 v000001c1fa4dbd40_0, 0, 4;
    %pushi/vec4 10, 0, 4;
    %store/vec4 v000001c1fa4dbde0_0, 0, 4;
    %delay 10, 0;
    %vpi_call 2 22 "$display", "A = %b, B = %b, Equal = %b", v000001c1fa4dbd40_0, v000001c1fa4dbde0_0, v000001c1fa4dbe80_0 {0 0 0};
    %pushi/vec4 10, 0, 4;
    %store/vec4 v000001c1fa4dbd40_0, 0, 4;
    %pushi/vec4 15, 0, 4;
    %store/vec4 v000001c1fa4dbde0_0, 0, 4;
    %delay 10, 0;
    %vpi_call 2 28 "$display", "A = %b, B = %b, Equal = %b", v000001c1fa4dbd40_0, v000001c1fa4dbde0_0, v000001c1fa4dbe80_0 {0 0 0};
    %pushi/vec4 0, 0, 4;
    %store/vec4 v000001c1fa4dbd40_0, 0, 4;
    %pushi/vec4 0, 0, 4;
    %store/vec4 v000001c1fa4dbde0_0, 0, 4;
    %delay 10, 0;
    %vpi_call 2 34 "$display", "A = %b, B = %b, Equal = %b", v000001c1fa4dbd40_0, v000001c1fa4dbde0_0, v000001c1fa4dbe80_0 {0 0 0};
    %vpi_call 2 37 "$finish" {0 0 0};
    %end;
    .thread T_1;
# The file index is used to find the file name in the following table.
:file_names 4;
    "N/A";
    "<interactive>";
    "comparator_tb.v";
    "./comparator.v";
