#! /c/Source/iverilog-install/bin/vvp
:ivl_version "12.0 (devel)" "(s20150603-1539-g2693dd32b)";
:ivl_delay_selection "TYPICAL";
:vpi_time_precision - 9;
:vpi_module "C:\iverilog\lib\ivl\system.vpi";
:vpi_module "C:\iverilog\lib\ivl\vhdl_sys.vpi";
:vpi_module "C:\iverilog\lib\ivl\vhdl_textio.vpi";
:vpi_module "C:\iverilog\lib\ivl\v2005_math.vpi";
:vpi_module "C:\iverilog\lib\ivl\va_math.vpi";
S_000002db5468d6d0 .scope module, "TestbenchALU8Bit" "TestbenchALU8Bit" 2 6;
 .timescale -9 -9;
v000002db5468bc70_0 .var "A", 7 0;
v000002db5468bd10_0 .var "B", 7 0;
v000002db5468bdb0_0 .var "Opcode", 2 0;
v000002db5468be50_0 .net "Result", 7 0, v000002db5468bb30_0;  1 drivers
v000002db546d2f20_0 .net "Zero", 0 0, v000002db5468bbd0_0;  1 drivers
S_000002db5468d860 .scope module, "alu" "ALU8Bit" 2 14, 3 1 0, S_000002db5468d6d0;
 .timescale -9 -9;
    .port_info 0 /INPUT 8 "A";
    .port_info 1 /INPUT 8 "B";
    .port_info 2 /INPUT 3 "Opcode";
    .port_info 3 /OUTPUT 8 "Result";
    .port_info 4 /OUTPUT 1 "Zero";
v000002db546a2f30_0 .net "A", 7 0, v000002db5468bc70_0;  1 drivers
v000002db546a2b60_0 .net "B", 7 0, v000002db5468bd10_0;  1 drivers
v000002db5468ba90_0 .net "Opcode", 2 0, v000002db5468bdb0_0;  1 drivers
v000002db5468bb30_0 .var "Result", 7 0;
v000002db5468bbd0_0 .var "Zero", 0 0;
E_000002db546c5020 .event anyedge, v000002db5468ba90_0, v000002db546a2f30_0, v000002db546a2b60_0, v000002db5468bb30_0;
    .scope S_000002db5468d860;
T_0 ;
    %wait E_000002db546c5020;
    %load/vec4 v000002db5468ba90_0;
    %dup/vec4;
    %pushi/vec4 0, 0, 3;
    %cmp/u;
    %jmp/1 T_0.0, 6;
    %dup/vec4;
    %pushi/vec4 1, 0, 3;
    %cmp/u;
    %jmp/1 T_0.1, 6;
    %dup/vec4;
    %pushi/vec4 2, 0, 3;
    %cmp/u;
    %jmp/1 T_0.2, 6;
    %dup/vec4;
    %pushi/vec4 3, 0, 3;
    %cmp/u;
    %jmp/1 T_0.3, 6;
    %dup/vec4;
    %pushi/vec4 4, 0, 3;
    %cmp/u;
    %jmp/1 T_0.4, 6;
    %dup/vec4;
    %pushi/vec4 5, 0, 3;
    %cmp/u;
    %jmp/1 T_0.5, 6;
    %pushi/vec4 0, 0, 8;
    %store/vec4 v000002db5468bb30_0, 0, 8;
    %jmp T_0.7;
T_0.0 ;
    %load/vec4 v000002db546a2f30_0;
    %load/vec4 v000002db546a2b60_0;
    %add;
    %store/vec4 v000002db5468bb30_0, 0, 8;
    %jmp T_0.7;
T_0.1 ;
    %load/vec4 v000002db546a2f30_0;
    %load/vec4 v000002db546a2b60_0;
    %sub;
    %store/vec4 v000002db5468bb30_0, 0, 8;
    %jmp T_0.7;
T_0.2 ;
    %load/vec4 v000002db546a2f30_0;
    %load/vec4 v000002db546a2b60_0;
    %and;
    %store/vec4 v000002db5468bb30_0, 0, 8;
    %jmp T_0.7;
T_0.3 ;
    %load/vec4 v000002db546a2f30_0;
    %load/vec4 v000002db546a2b60_0;
    %or;
    %store/vec4 v000002db5468bb30_0, 0, 8;
    %jmp T_0.7;
T_0.4 ;
    %load/vec4 v000002db546a2f30_0;
    %load/vec4 v000002db546a2b60_0;
    %xor;
    %store/vec4 v000002db5468bb30_0, 0, 8;
    %jmp T_0.7;
T_0.5 ;
    %load/vec4 v000002db546a2f30_0;
    %load/vec4 v000002db546a2b60_0;
    %or;
    %inv;
    %store/vec4 v000002db5468bb30_0, 0, 8;
    %jmp T_0.7;
T_0.7 ;
    %pop/vec4 1;
    %load/vec4 v000002db5468bb30_0;
    %cmpi/e 0, 0, 8;
    %flag_mov 8, 4;
    %jmp/0 T_0.8, 8;
    %pushi/vec4 1, 0, 1;
    %jmp/1 T_0.9, 8;
T_0.8 ; End of true expr.
    %pushi/vec4 0, 0, 1;
    %jmp/0 T_0.9, 8;
 ; End of false expr.
    %blend;
T_0.9;
    %store/vec4 v000002db5468bbd0_0, 0, 1;
    %jmp T_0;
    .thread T_0, $push;
    .scope S_000002db5468d6d0;
T_1 ;
    %pushi/vec4 12, 0, 8;
    %store/vec4 v000002db5468bc70_0, 0, 8;
    %pushi/vec4 5, 0, 8;
    %store/vec4 v000002db5468bd10_0, 0, 8;
    %pushi/vec4 0, 0, 3;
    %store/vec4 v000002db5468bdb0_0, 0, 3;
    %delay 10, 0;
    %vpi_call 2 28 "$display", "Opcode = ADD, A = %b, B = %b, Result = %b, Zero = %b", v000002db5468bc70_0, v000002db5468bd10_0, v000002db5468be50_0, v000002db546d2f20_0 {0 0 0};
    %pushi/vec4 12, 0, 8;
    %store/vec4 v000002db5468bc70_0, 0, 8;
    %pushi/vec4 5, 0, 8;
    %store/vec4 v000002db5468bd10_0, 0, 8;
    %pushi/vec4 1, 0, 3;
    %store/vec4 v000002db5468bdb0_0, 0, 3;
    %delay 10, 0;
    %vpi_call 2 35 "$display", "Opcode = SUB, A = %b, B = %b, Result = %b, Zero = %b", v000002db5468bc70_0, v000002db5468bd10_0, v000002db5468be50_0, v000002db546d2f20_0 {0 0 0};
    %pushi/vec4 204, 0, 8;
    %store/vec4 v000002db5468bc70_0, 0, 8;
    %pushi/vec4 170, 0, 8;
    %store/vec4 v000002db5468bd10_0, 0, 8;
    %pushi/vec4 2, 0, 3;
    %store/vec4 v000002db5468bdb0_0, 0, 3;
    %delay 10, 0;
    %vpi_call 2 42 "$display", "Opcode = AND, A = %b, B = %b, Result = %b, Zero = %b", v000002db5468bc70_0, v000002db5468bd10_0, v000002db5468be50_0, v000002db546d2f20_0 {0 0 0};
    %pushi/vec4 204, 0, 8;
    %store/vec4 v000002db5468bc70_0, 0, 8;
    %pushi/vec4 170, 0, 8;
    %store/vec4 v000002db5468bd10_0, 0, 8;
    %pushi/vec4 3, 0, 3;
    %store/vec4 v000002db5468bdb0_0, 0, 3;
    %delay 10, 0;
    %vpi_call 2 49 "$display", "Opcode = OR, A = %b, B = %b, Result = %b, Zero = %b", v000002db5468bc70_0, v000002db5468bd10_0, v000002db5468be50_0, v000002db546d2f20_0 {0 0 0};
    %pushi/vec4 204, 0, 8;
    %store/vec4 v000002db5468bc70_0, 0, 8;
    %pushi/vec4 170, 0, 8;
    %store/vec4 v000002db5468bd10_0, 0, 8;
    %pushi/vec4 4, 0, 3;
    %store/vec4 v000002db5468bdb0_0, 0, 3;
    %delay 10, 0;
    %vpi_call 2 56 "$display", "Opcode = XOR, A = %b, B = %b, Result = %b, Zero = %b", v000002db5468bc70_0, v000002db5468bd10_0, v000002db5468be50_0, v000002db546d2f20_0 {0 0 0};
    %pushi/vec4 204, 0, 8;
    %store/vec4 v000002db5468bc70_0, 0, 8;
    %pushi/vec4 170, 0, 8;
    %store/vec4 v000002db5468bd10_0, 0, 8;
    %pushi/vec4 5, 0, 3;
    %store/vec4 v000002db5468bdb0_0, 0, 3;
    %delay 10, 0;
    %vpi_call 2 63 "$display", "Opcode = NOR, A = %b, B = %b, Result = %b, Zero = %b", v000002db5468bc70_0, v000002db5468bd10_0, v000002db5468be50_0, v000002db546d2f20_0 {0 0 0};
    %pushi/vec4 0, 0, 8;
    %store/vec4 v000002db5468bc70_0, 0, 8;
    %pushi/vec4 0, 0, 8;
    %store/vec4 v000002db5468bd10_0, 0, 8;
    %pushi/vec4 0, 0, 3;
    %store/vec4 v000002db5468bdb0_0, 0, 3;
    %delay 10, 0;
    %vpi_call 2 70 "$display", "Opcode = ADD, A = %b, B = %b, Result = %b, Zero = %b", v000002db5468bc70_0, v000002db5468bd10_0, v000002db5468be50_0, v000002db546d2f20_0 {0 0 0};
    %vpi_call 2 73 "$finish" {0 0 0};
    %end;
    .thread T_1;
# The file index is used to find the file name in the following table.
:file_names 4;
    "N/A";
    "<interactive>";
    "alu_tb.v";
    "./alu.v";
